2025-09-17T19:28:07.207+0900	info	app/log_middleware.go:82	HTTP request	{"status": 200, "method": "POST", "path": "/api/auth/login", "client_ip": "::1"}
2025-09-17T19:28:26.068+0900	info	app/log_middleware.go:82	HTTP request	{"status": 200, "method": "GET", "path": "/api/course/my-courses", "client_ip": "::1"}
2025-09-17T19:28:45.933+0900	info	app/log_middleware.go:82	HTTP request	{"status": 200, "method": "GET", "path": "/api/course/3/details", "client_ip": "::1"}
2025-09-17T19:31:39.699+0900	info	app/log_middleware.go:82	HTTP request	{"status": 204, "method": "PATCH", "path": "/api/course/3/details", "client_ip": "::1"}
2025-09-17T19:35:10.316+0900	info	app/log_middleware.go:82	HTTP request	{"status": 204, "method": "PATCH", "path": "/api/course/3/details", "client_ip": "::1"}
2025-09-17T19:35:20.437+0900	info	app/log_middleware.go:82	HTTP request	{"status": 200, "method": "GET", "path": "/api/course/3/details", "client_ip": "::1"}
2025-09-17T19:35:32.610+0900	info	app/log_middleware.go:82	HTTP request	{"status": 204, "method": "PATCH", "path": "/api/course/3/details", "client_ip": "::1"}
2025-09-17T20:04:12.415+0900	info	app/log_middleware.go:82	HTTP request	{"status": 204, "method": "DELETE", "path": "/api/course/3", "client_ip": "::1"}
2025-09-17T20:05:10.933+0900	info	app/log_middleware.go:82	HTTP request	{"status": 200, "method": "GET", "path": "/api/course/my-courses", "client_ip": "::1"}
2025-09-17T20:06:14.824+0900	info	app/log_middleware.go:82	HTTP request	{"status": 204, "method": "PATCH", "path": "/api/course/14/details", "client_ip": "::1"}
2025-09-17T20:06:24.403+0900	info	app/log_middleware.go:82	HTTP request	{"status": 200, "method": "GET", "path": "/api/course/14/details", "client_ip": "::1"}
2025-09-17T20:16:37.293+0900	info	app/log_middleware.go:82	HTTP request	{"status": 200, "method": "GET", "path": "/api/course/my-courses", "client_ip": "::1"}
2025-09-17T20:18:11.914+0900	info	app/log_middleware.go:82	HTTP request	{"status": 204, "method": "PATCH", "path": "/api/course/14/image", "client_ip": "::1"}
2025-09-17T20:18:31.027+0900	info	app/log_middleware.go:82	HTTP request	{"status": 200, "method": "GET", "path": "/api/course/14/details", "client_ip": "::1"}
2025-09-17T20:20:53.979+0900	info	app/log_middleware.go:82	HTTP request	{"status": 204, "method": "PATCH", "path": "/api/course/1/image", "client_ip": "::1"}
2025-09-17T20:21:04.601+0900	info	app/log_middleware.go:82	HTTP request	{"status": 204, "method": "PATCH", "path": "/api/course/4/image", "client_ip": "::1"}
2025-09-17T20:22:00.391+0900	info	app/log_middleware.go:82	HTTP request	{"status": 204, "method": "PATCH", "path": "/api/course/14/image", "client_ip": "::1"}
2025-09-17T20:22:05.934+0900	info	app/log_middleware.go:82	HTTP request	{"status": 200, "method": "GET", "path": "/api/course/14/details", "client_ip": "::1"}
2025-09-17T20:27:09.128+0900	info	app/log_middleware.go:82	HTTP request	{"status": 200, "method": "GET", "path": "/api/course/14/details", "client_ip": "::1"}
2025-09-17T20:29:17.547+0900	info	app/log_middleware.go:82	HTTP request	{"status": 200, "method": "POST", "path": "/api/auth/login", "client_ip": "::1"}
2025-09-17T20:31:23.634+0900	info	app/log_middleware.go:82	HTTP request	{"status": 200, "method": "GET", "path": "/api/place/list", "client_ip": "::1"}
2025-09-17T20:34:28.686+0900	info	app/log_middleware.go:82	HTTP request	{"status": 200, "method": "GET", "path": "/api/course/my-courses", "client_ip": "::1"}
2025-09-17T20:41:33.485+0900	info	app/log_middleware.go:82	HTTP request	{"status": 200, "method": "GET", "path": "/api/course/my-courses", "client_ip": "::1"}
2025-09-17T20:42:11.357+0900	info	app/log_middleware.go:82	HTTP request	{"status": 200, "method": "GET", "path": "/api/course/4/details", "client_ip": "::1"}
2025-09-17T20:42:21.470+0900	info	app/log_middleware.go:82	HTTP request	{"status": 200, "method": "GET", "path": "/api/course/14/details", "client_ip": "::1"}
2025-09-17T20:43:15.116+0900	info	app/log_middleware.go:82	HTTP request	{"status": 200, "method": "POST", "path": "/api/course/suggestion", "client_ip": "::1"}
2025-09-17T20:48:21.694+0900	info	app/log_middleware.go:82	HTTP request	{"status": 204, "method": "PATCH", "path": "/api/course/14/details", "client_ip": "::1"}
2025-09-17T20:48:28.555+0900	info	app/log_middleware.go:82	HTTP request	{"status": 200, "method": "GET", "path": "/api/course/14/details", "client_ip": "::1"}
